Dec 14, 2018 10:30:02 PM com.concordia.blockchain.model.udp.Server run
INFO: Starting UDP server on port 12345
Dec 14, 2018 10:30:02 PM com.concordia.blockchain.model.udp.Server startServer
INFO: Server waiting for a packet
Fri Dec 14 22:30:02 UTC 2018 WARN: Establishing SSL connection without server's identity verification is not recommended. According to MySQL 5.5.45+, 5.6.26+ and 5.7.6+ requirements SSL connection must be established by default if explicit option isn't set. For compliance with existing applications not using SSL the verifyServerCertificate property is set to 'false'. You need either to explicitly disable SSL by setting useSSL=false, or set useSSL=true and provide truststore for server certificate verification.
Dec 14, 2018 10:30:02 PM com.concordia.blockchain.model.database.MySql openConnection
INFO: Opened connection to database
Dec 14, 2018 10:30:02 PM com.concordia.blockchain.model.node.Worker <init>
INFO: #START_TIMESTAMP 1544826602
Dec 14, 2018 10:30:07 PM com.concordia.blockchain.model.udp.Server startServer
INFO: Server has received a packet from host: ip-172-31-17-224.us-west-2.compute.internal port: 54690
Dec 14, 2018 10:30:07 PM com.concordia.blockchain.model.udp.Server startServer
INFO: Server waiting for a packet
Dec 14, 2018 10:30:07 PM com.concordia.blockchain.model.udp.RequestHandler acknowledgeMessage
INFO: Acknowledging ID#1 to ip-172-31-17-224.us-west-2.compute.internal#CORE_LEADER:54690
Dec 14, 2018 10:30:07 PM com.concordia.blockchain.model.udp.AsyncClient sendMessage
INFO: ID#1 ACK PUBLIC_KEY to ip-172-31-17-224.us-west-2.compute.internal:54690
Dec 14, 2018 10:30:07 PM com.concordia.blockchain.model.udp.RequestHandler processMessage
INFO: Verified signature for host: ip-172-31-17-224.us-west-2.compute.internal
Dec 14, 2018 10:30:07 PM com.concordia.blockchain.model.udp.RequestHandler processMessage
INFO: ID#1 Received INFO PUBLIC_KEY from ip-172-31-17-224.us-west-2.compute.internal#CORE_LEADER:54690
Dec 14, 2018 10:30:13 PM com.concordia.blockchain.model.udp.Server startServer
INFO: Server has received a packet from host: ip-172-31-17-224.us-west-2.compute.internal port: 59673
Dec 14, 2018 10:30:13 PM com.concordia.blockchain.model.udp.Server startServer
INFO: Server waiting for a packet
Dec 14, 2018 10:30:13 PM com.concordia.blockchain.model.udp.RequestHandler verifySignature
INFO: Verifying signature for host: ip-172-31-17-224.us-west-2.compute.internal#CORE_LEADER
Dec 14, 2018 10:30:13 PM com.concordia.blockchain.model.udp.RequestHandler processMessage
INFO: Verified signature for host: ip-172-31-17-224.us-west-2.compute.internal
Dec 14, 2018 10:30:13 PM com.concordia.blockchain.model.udp.RequestHandler processMessage
INFO: ID#2 Received REQUEST MINERS from ip-172-31-17-224.us-west-2.compute.internal#CORE_LEADER:59673
Dec 14, 2018 10:30:14 PM com.concordia.blockchain.model.node.Worker sendResponse
INFO: Sending response for tag: MINERS
Dec 14, 2018 10:30:14 PM com.concordia.blockchain.model.node.Worker sendResponse
INFO: Sent response for tag: MINERS
Dec 14, 2018 10:30:14 PM com.concordia.blockchain.model.udp.AsyncClient sendMessage
INFO: ID#2 RESPONSE MINERS to ip-172-31-17-224.us-west-2.compute.internal:59673
Dec 14, 2018 10:30:20 PM com.concordia.blockchain.model.udp.Server startServer
INFO: Server has received a packet from host: ip-172-31-17-224.us-west-2.compute.internal port: 41928
Dec 14, 2018 10:30:20 PM com.concordia.blockchain.model.udp.Server startServer
INFO: Server waiting for a packet
Dec 14, 2018 10:30:20 PM com.concordia.blockchain.model.udp.RequestHandler acknowledgeMessage
INFO: Acknowledging ID#3 to ip-172-31-17-224.us-west-2.compute.internal#CORE_LEADER:41928
Dec 14, 2018 10:30:20 PM com.concordia.blockchain.model.udp.RequestHandler verifySignature
INFO: Verifying signature for host: ip-172-31-17-224.us-west-2.compute.internal#CORE_LEADER
Dec 14, 2018 10:30:20 PM com.concordia.blockchain.model.udp.AsyncClient sendMessage
INFO: ID#3 ACK PUBLIC_KEYS to ip-172-31-17-224.us-west-2.compute.internal:41928
Dec 14, 2018 10:30:20 PM com.concordia.blockchain.model.udp.RequestHandler processMessage
INFO: Verified signature for host: ip-172-31-17-224.us-west-2.compute.internal
Dec 14, 2018 10:30:20 PM com.concordia.blockchain.model.udp.RequestHandler processMessage
INFO: ID#3 Received INFO PUBLIC_KEYS from ip-172-31-17-224.us-west-2.compute.internal#CORE_LEADER:41928
Dec 14, 2018 10:30:21 PM com.concordia.blockchain.model.node.Worker run
INFO: #END_TIMESTAMP 1544826621
