Dec 14, 2018 11:01:10 PM com.concordia.blockchain.model.udp.Server run
INFO: Starting UDP server on port 12345
Dec 14, 2018 11:01:10 PM com.concordia.blockchain.model.udp.Server startServer
INFO: Server waiting for a packet
Fri Dec 14 23:01:11 UTC 2018 WARN: Establishing SSL connection without server's identity verification is not recommended. According to MySQL 5.5.45+, 5.6.26+ and 5.7.6+ requirements SSL connection must be established by default if explicit option isn't set. For compliance with existing applications not using SSL the verifyServerCertificate property is set to 'false'. You need either to explicitly disable SSL by setting useSSL=false, or set useSSL=true and provide truststore for server certificate verification.
Dec 14, 2018 11:01:11 PM com.concordia.blockchain.model.database.MySql openConnection
INFO: Opened connection to database
Dec 14, 2018 11:01:11 PM com.concordia.blockchain.model.node.Manager <init>
INFO: #START_TIMESTAMP 1544828471
Fri Dec 14 23:01:11 UTC 2018 WARN: Establishing SSL connection without server's identity verification is not recommended. According to MySQL 5.5.45+, 5.6.26+ and 5.7.6+ requirements SSL connection must be established by default if explicit option isn't set. For compliance with existing applications not using SSL the verifyServerCertificate property is set to 'false'. You need either to explicitly disable SSL by setting useSSL=false, or set useSSL=true and provide truststore for server certificate verification.
Dec 14, 2018 11:01:11 PM com.concordia.blockchain.model.udp.Server run
INFO: Starting UDP server on port 12347
Dec 14, 2018 11:01:11 PM com.concordia.blockchain.model.udp.Server startServer
INFO: Server waiting for a packet
Dec 14, 2018 11:01:11 PM com.concordia.blockchain.model.database.MySql openConnection
INFO: Opened connection to database
Dec 14, 2018 11:01:11 PM com.concordia.blockchain.model.node.WorkerLeader <init>
INFO: #START_TIMESTAMP 1544828471
Dec 14, 2018 11:01:17 PM com.concordia.blockchain.model.udp.Server startServer
INFO: Server has received a packet from host: ip-172-31-17-224.us-west-2.compute.internal port: 60506
Dec 14, 2018 11:01:17 PM com.concordia.blockchain.model.udp.Server startServer
INFO: Server waiting for a packet
Dec 14, 2018 11:01:17 PM com.concordia.blockchain.model.udp.RequestHandler acknowledgeMessage
INFO: Acknowledging ID#1 to ip-172-31-17-224.us-west-2.compute.internal#CORE_LEADER:60506
Dec 14, 2018 11:01:17 PM com.concordia.blockchain.model.udp.AsyncClient sendMessage
INFO: ID#1 ACK PUBLIC_KEY to ip-172-31-17-224.us-west-2.compute.internal:60506
Dec 14, 2018 11:01:17 PM com.concordia.blockchain.model.udp.RequestHandler processMessage
INFO: Verified signature for host: ip-172-31-17-224.us-west-2.compute.internal
Dec 14, 2018 11:01:17 PM com.concordia.blockchain.model.udp.RequestHandler processMessage
INFO: ID#1 Received INFO PUBLIC_KEY from ip-172-31-17-224.us-west-2.compute.internal#CORE_LEADER:60506
Dec 14, 2018 11:01:23 PM com.concordia.blockchain.model.udp.Server startServer
INFO: Server has received a packet from host: ip-172-31-17-224.us-west-2.compute.internal port: 34264
Dec 14, 2018 11:01:23 PM com.concordia.blockchain.model.udp.Server startServer
INFO: Server waiting for a packet
Dec 14, 2018 11:01:23 PM com.concordia.blockchain.model.udp.RequestHandler acknowledgeMessage
INFO: Acknowledging ID#1 to ip-172-31-17-224.us-west-2.compute.internal#CORE_LEADER:34264
Dec 14, 2018 11:01:23 PM com.concordia.blockchain.model.udp.AsyncClient sendMessage
INFO: ID#1 ACK PUBLIC_KEY to ip-172-31-17-224.us-west-2.compute.internal:34264
Dec 14, 2018 11:01:23 PM com.concordia.blockchain.model.udp.RequestHandler processMessage
INFO: Verified signature for host: ip-172-31-17-224.us-west-2.compute.internal
Dec 14, 2018 11:01:23 PM com.concordia.blockchain.model.udp.RequestHandler processMessage
INFO: ID#1 Received INFO PUBLIC_KEY from ip-172-31-17-224.us-west-2.compute.internal#CORE_LEADER:34264
Dec 14, 2018 11:01:26 PM com.concordia.blockchain.model.udp.Server startServer
INFO: Server has received a packet from host: ip-172-31-17-224.us-west-2.compute.internal port: 44436
Dec 14, 2018 11:01:26 PM com.concordia.blockchain.model.udp.Server startServer
INFO: Server waiting for a packet
Dec 14, 2018 11:01:26 PM com.concordia.blockchain.model.udp.RequestHandler verifySignature
INFO: Verifying signature for host: ip-172-31-17-224.us-west-2.compute.internal#CORE_LEADER
Dec 14, 2018 11:01:26 PM com.concordia.blockchain.model.udp.RequestHandler processMessage
INFO: Verified signature for host: ip-172-31-17-224.us-west-2.compute.internal
Dec 14, 2018 11:01:26 PM com.concordia.blockchain.model.udp.RequestHandler processMessage
INFO: ID#2 Received REQUEST MINERS from ip-172-31-17-224.us-west-2.compute.internal#CORE_LEADER:44436
Dec 14, 2018 11:01:26 PM com.concordia.blockchain.model.udp.AsyncClient sendMessage
INFO: ID#2 RESPONSE MINERS to ip-172-31-17-224.us-west-2.compute.internal:44436
Dec 14, 2018 11:01:27 PM com.concordia.blockchain.model.udp.Server startServer
INFO: Server has received a packet from host: ip-172-31-17-224.us-west-2.compute.internal port: 41967
Dec 14, 2018 11:01:27 PM com.concordia.blockchain.model.udp.Server startServer
INFO: Server waiting for a packet
Dec 14, 2018 11:01:27 PM com.concordia.blockchain.model.udp.RequestHandler verifySignature
INFO: Verifying signature for host: ip-172-31-17-224.us-west-2.compute.internal#CORE_LEADER
Dec 14, 2018 11:01:27 PM com.concordia.blockchain.model.udp.RequestHandler processMessage
INFO: Verified signature for host: ip-172-31-17-224.us-west-2.compute.internal
Dec 14, 2018 11:01:27 PM com.concordia.blockchain.model.udp.RequestHandler processMessage
INFO: ID#2 Received REQUEST MINERS from ip-172-31-17-224.us-west-2.compute.internal#CORE_LEADER:41967
Dec 14, 2018 11:01:27 PM com.concordia.blockchain.model.node.WorkerLeader sendResponse
INFO: Sending response for tag: MINERS
Dec 14, 2018 11:01:27 PM com.concordia.blockchain.model.node.WorkerLeader sendResponse
INFO: Sent response for tag: MINERS
Dec 14, 2018 11:01:27 PM com.concordia.blockchain.model.udp.AsyncClient sendMessage
INFO: ID#2 RESPONSE MINERS to ip-172-31-17-224.us-west-2.compute.internal:41967
Dec 14, 2018 11:01:39 PM com.concordia.blockchain.model.udp.Server startServer
INFO: Server has received a packet from host: ip-172-31-17-224.us-west-2.compute.internal port: 44731
Dec 14, 2018 11:01:40 PM com.concordia.blockchain.model.udp.Server startServer
INFO: Server waiting for a packet
Dec 14, 2018 11:01:40 PM com.concordia.blockchain.model.udp.RequestHandler acknowledgeMessage
INFO: Acknowledging ID#4 to ip-172-31-17-224.us-west-2.compute.internal#CORE_LEADER:44731
Dec 14, 2018 11:01:40 PM com.concordia.blockchain.model.udp.RequestHandler verifySignature
INFO: Verifying signature for host: ip-172-31-17-224.us-west-2.compute.internal#CORE_LEADER
Dec 14, 2018 11:01:40 PM com.concordia.blockchain.model.udp.AsyncClient sendMessage
INFO: ID#3 ACK PUBLIC_KEYS to ip-172-31-17-224.us-west-2.compute.internal:44731
Dec 14, 2018 11:01:40 PM com.concordia.blockchain.model.udp.RequestHandler processMessage
INFO: Verified signature for host: ip-172-31-17-224.us-west-2.compute.internal
Dec 14, 2018 11:01:40 PM com.concordia.blockchain.model.udp.RequestHandler processMessage
INFO: ID#4 Received INFO PUBLIC_KEYS from ip-172-31-17-224.us-west-2.compute.internal#CORE_LEADER:44731
Dec 14, 2018 11:01:40 PM com.concordia.blockchain.model.node.Manager run
INFO: #END_TIMESTAMP 1544828500
Dec 14, 2018 11:01:41 PM com.concordia.blockchain.model.udp.Server startServer
INFO: Server has received a packet from host: ip-172-31-17-224.us-west-2.compute.internal port: 43670
Dec 14, 2018 11:01:41 PM com.concordia.blockchain.model.udp.Server startServer
INFO: Server waiting for a packet
Dec 14, 2018 11:01:41 PM com.concordia.blockchain.model.udp.RequestHandler acknowledgeMessage
INFO: Acknowledging ID#4 to ip-172-31-17-224.us-west-2.compute.internal#CORE_LEADER:43670
Dec 14, 2018 11:01:41 PM com.concordia.blockchain.model.udp.RequestHandler verifySignature
INFO: Verifying signature for host: ip-172-31-17-224.us-west-2.compute.internal#CORE_LEADER
Dec 14, 2018 11:01:41 PM com.concordia.blockchain.model.udp.AsyncClient sendMessage
INFO: ID#3 ACK PUBLIC_KEYS to ip-172-31-17-224.us-west-2.compute.internal:43670
Dec 14, 2018 11:01:41 PM com.concordia.blockchain.model.udp.RequestHandler processMessage
INFO: Verified signature for host: ip-172-31-17-224.us-west-2.compute.internal
Dec 14, 2018 11:01:41 PM com.concordia.blockchain.model.udp.RequestHandler processMessage
INFO: ID#4 Received INFO PUBLIC_KEYS from ip-172-31-17-224.us-west-2.compute.internal#CORE_LEADER:43670
