Dec 14, 2018 11:03:18 PM com.concordia.blockchain.model.udp.Server run
INFO: Starting UDP server on port 12345
Dec 14, 2018 11:03:18 PM com.concordia.blockchain.model.udp.Server startServer
INFO: Server waiting for a packet
Fri Dec 14 23:03:18 UTC 2018 WARN: Establishing SSL connection without server's identity verification is not recommended. According to MySQL 5.5.45+, 5.6.26+ and 5.7.6+ requirements SSL connection must be established by default if explicit option isn't set. For compliance with existing applications not using SSL the verifyServerCertificate property is set to 'false'. You need either to explicitly disable SSL by setting useSSL=false, or set useSSL=true and provide truststore for server certificate verification.
Dec 14, 2018 11:03:18 PM com.concordia.blockchain.model.database.MySql openConnection
INFO: Opened connection to database
Dec 14, 2018 11:03:18 PM com.concordia.blockchain.model.database.MySql executeQuery
INFO: Executing SELECT with statement: SELECT ip_addr, role_id, port FROM miner WHERE isblocked = 0
Dec 14, 2018 11:03:18 PM com.concordia.blockchain.model.node.ManagerLeader setMiners
INFO: CORE_LEADER : ip-172-31-17-224.us-west-2.compute.internal
Dec 14, 2018 11:03:18 PM com.concordia.blockchain.model.node.ManagerLeader setMiners
INFO: NON_CORE_FOLLOWER : ip-172-31-32-221.us-west-2.compute.internal
Dec 14, 2018 11:03:18 PM com.concordia.blockchain.model.node.ManagerLeader setMiners
INFO: NON_CORE_FOLLOWER : ip-172-31-39-51.us-west-2.compute.internal
Dec 14, 2018 11:03:18 PM com.concordia.blockchain.model.node.ManagerLeader setMiners
INFO: NON_CORE_FOLLOWER : ip-172-31-40-103.us-west-2.compute.internal
Dec 14, 2018 11:03:18 PM com.concordia.blockchain.model.node.ManagerLeader setMiners
INFO: CORE_FOLLOWER : ip-172-31-40-118.us-west-2.compute.internal
Dec 14, 2018 11:03:18 PM com.concordia.blockchain.model.node.ManagerLeader setMiners
INFO: NON_CORE_FOLLOWER : ip-172-31-40-168.us-west-2.compute.internal
Dec 14, 2018 11:03:18 PM com.concordia.blockchain.model.node.ManagerLeader setMiners
INFO: NON_CORE_FOLLOWER : ip-172-31-40-204.us-west-2.compute.internal
Dec 14, 2018 11:03:18 PM com.concordia.blockchain.model.node.ManagerLeader setMiners
INFO: NON_CORE_FOLLOWER : ip-172-31-41-30.us-west-2.compute.internal
Dec 14, 2018 11:03:18 PM com.concordia.blockchain.model.node.ManagerLeader setMiners
INFO: NON_CORE_FOLLOWER : ip-172-31-43-39.us-west-2.compute.internal
Dec 14, 2018 11:03:18 PM com.concordia.blockchain.model.node.ManagerLeader setMiners
INFO: NON_CORE_FOLLOWER : ip-172-31-47-31.us-west-2.compute.internal
Dec 14, 2018 11:03:18 PM com.concordia.blockchain.model.node.ManagerLeader <init>
INFO: #START_TIMESTAMP 1544828598
Dec 14, 2018 11:03:19 PM com.concordia.blockchain.model.node.Node $anonfun$broadcastPublicKey$1
INFO: Sent public key to ip-172-31-41-30.us-west-2.compute.internal#NON_CORE_FOLLOWER
Dec 14, 2018 11:03:19 PM com.concordia.blockchain.model.node.Node $anonfun$broadcastPublicKey$1
INFO: Sent public key to ip-172-31-47-31.us-west-2.compute.internal#NON_CORE_FOLLOWER
Dec 14, 2018 11:03:19 PM com.concordia.blockchain.model.node.Node $anonfun$broadcastPublicKey$1
INFO: Sent public key to ip-172-31-40-118.us-west-2.compute.internal#CORE_FOLLOWER
Dec 14, 2018 11:03:19 PM com.concordia.blockchain.model.node.Node $anonfun$broadcastPublicKey$1
INFO: Additionally sent public key to ip-172-31-40-118.us-west-2.compute.internal#NON_CORE_LEADER
Dec 14, 2018 11:03:19 PM com.concordia.blockchain.model.node.Node $anonfun$broadcastPublicKey$1
INFO: Sent public key to ip-172-31-40-204.us-west-2.compute.internal#NON_CORE_FOLLOWER
Dec 14, 2018 11:03:19 PM com.concordia.blockchain.model.node.Node $anonfun$broadcastPublicKey$1
INFO: Sent public key to ip-172-31-43-39.us-west-2.compute.internal#NON_CORE_FOLLOWER
Dec 14, 2018 11:03:19 PM com.concordia.blockchain.model.node.Node $anonfun$broadcastPublicKey$1
INFO: Sent public key to ip-172-31-40-168.us-west-2.compute.internal#NON_CORE_FOLLOWER
Dec 14, 2018 11:03:19 PM com.concordia.blockchain.model.node.Node $anonfun$broadcastPublicKey$1
INFO: Sent public key to ip-172-31-39-51.us-west-2.compute.internal#NON_CORE_FOLLOWER
Dec 14, 2018 11:03:19 PM com.concordia.blockchain.model.node.Node $anonfun$broadcastPublicKey$1
INFO: Sent public key to ip-172-31-40-103.us-west-2.compute.internal#NON_CORE_FOLLOWER
Dec 14, 2018 11:03:19 PM com.concordia.blockchain.model.node.Node $anonfun$broadcastPublicKey$1
INFO: Sent public key to ip-172-31-32-221.us-west-2.compute.internal#NON_CORE_FOLLOWER
Dec 14, 2018 11:03:19 PM com.concordia.blockchain.model.udp.SyncClient$ sendMessage
INFO: ID#2 Waiting for response
Dec 14, 2018 11:03:19 PM com.concordia.blockchain.model.udp.AsyncClient $anonfun$sendMessage$1
INFO: ID#1 INFO PUBLIC_KEY to ip-172-31-43-39.us-west-2.compute.internal:12345
Dec 14, 2018 11:03:19 PM com.concordia.blockchain.model.udp.AsyncClient $anonfun$sendMessage$1
INFO: ID#1 Async try: + 0
Dec 14, 2018 11:03:19 PM com.concordia.blockchain.model.udp.AsyncClient sendMessage
INFO: ID#1 received acknowledgement
Dec 14, 2018 11:03:20 PM com.concordia.blockchain.model.udp.AsyncClient $anonfun$sendMessage$1
INFO: ID#1 INFO PUBLIC_KEY to ip-172-31-40-103.us-west-2.compute.internal:12345
Dec 14, 2018 11:03:20 PM com.concordia.blockchain.model.udp.AsyncClient $anonfun$sendMessage$1
INFO: ID#1 Async try: + 0
Dec 14, 2018 11:03:20 PM com.concordia.blockchain.model.udp.AsyncClient sendMessage
INFO: ID#1 received acknowledgement
Dec 14, 2018 11:03:21 PM com.concordia.blockchain.model.udp.AsyncClient $anonfun$sendMessage$1
INFO: ID#1 INFO PUBLIC_KEY to ip-172-31-47-31.us-west-2.compute.internal:12345
Dec 14, 2018 11:03:21 PM com.concordia.blockchain.model.udp.AsyncClient $anonfun$sendMessage$1
INFO: ID#1 Async try: + 0
Dec 14, 2018 11:03:21 PM com.concordia.blockchain.model.udp.AsyncClient sendMessage
INFO: ID#1 received acknowledgement
Dec 14, 2018 11:03:23 PM com.concordia.blockchain.model.udp.AsyncClient $anonfun$sendMessage$1
INFO: ID#1 INFO PUBLIC_KEY to ip-172-31-40-118.us-west-2.compute.internal:12345
Dec 14, 2018 11:03:23 PM com.concordia.blockchain.model.udp.AsyncClient $anonfun$sendMessage$1
INFO: ID#1 Async try: + 0
Dec 14, 2018 11:03:23 PM com.concordia.blockchain.model.udp.AsyncClient sendMessage
INFO: ID#1 received acknowledgement
Dec 14, 2018 11:03:24 PM com.concordia.blockchain.model.udp.AsyncClient $anonfun$sendMessage$1
INFO: ID#1 INFO PUBLIC_KEY to ip-172-31-41-30.us-west-2.compute.internal:12345
Dec 14, 2018 11:03:24 PM com.concordia.blockchain.model.udp.AsyncClient $anonfun$sendMessage$1
INFO: ID#1 Async try: + 0
Dec 14, 2018 11:03:24 PM com.concordia.blockchain.model.udp.AsyncClient sendMessage
INFO: ID#1 received acknowledgement
Dec 14, 2018 11:03:25 PM com.concordia.blockchain.model.udp.SyncClient$ $anonfun$sendMessage$1
INFO: ID#2 REQUEST MINERS to ip-172-31-41-30.us-west-2.compute.internal#CORE_LEADER:12345
Dec 14, 2018 11:03:25 PM com.concordia.blockchain.model.udp.SyncClient$ $anonfun$sendMessage$1
INFO: ID#2 Sync try: 0
Dec 14, 2018 11:03:25 PM com.concordia.blockchain.model.udp.SyncClient$ sendMessage
INFO: ID#2 Received response
Dec 14, 2018 11:03:25 PM com.concordia.blockchain.model.udp.SyncClient$ sendMessage
INFO: ID#2 Waiting for response
Dec 14, 2018 11:03:26 PM com.concordia.blockchain.model.udp.AsyncClient $anonfun$sendMessage$1
INFO: ID#1 INFO PUBLIC_KEY to ip-172-31-39-51.us-west-2.compute.internal:12345
Dec 14, 2018 11:03:26 PM com.concordia.blockchain.model.udp.AsyncClient $anonfun$sendMessage$1
INFO: ID#1 Async try: + 0
Dec 14, 2018 11:03:26 PM com.concordia.blockchain.model.udp.AsyncClient sendMessage
INFO: ID#1 received acknowledgement
Dec 14, 2018 11:03:27 PM com.concordia.blockchain.model.udp.AsyncClient $anonfun$sendMessage$1
INFO: ID#1 INFO PUBLIC_KEY to ip-172-31-40-168.us-west-2.compute.internal:12345
Dec 14, 2018 11:03:27 PM com.concordia.blockchain.model.udp.AsyncClient $anonfun$sendMessage$1
INFO: ID#1 Async try: + 0
Dec 14, 2018 11:03:28 PM com.concordia.blockchain.model.udp.AsyncClient sendMessage
INFO: ID#1 received acknowledgement
Dec 14, 2018 11:03:29 PM com.concordia.blockchain.model.udp.AsyncClient $anonfun$sendMessage$1
INFO: ID#1 INFO PUBLIC_KEY to ip-172-31-40-118.us-west-2.compute.internal:12347
Dec 14, 2018 11:03:29 PM com.concordia.blockchain.model.udp.AsyncClient $anonfun$sendMessage$1
INFO: ID#1 Async try: + 0
Dec 14, 2018 11:03:29 PM com.concordia.blockchain.model.udp.AsyncClient sendMessage
INFO: ID#1 received acknowledgement
Dec 14, 2018 11:03:30 PM com.concordia.blockchain.model.udp.AsyncClient $anonfun$sendMessage$1
INFO: ID#1 INFO PUBLIC_KEY to ip-172-31-32-221.us-west-2.compute.internal:12345
Dec 14, 2018 11:03:30 PM com.concordia.blockchain.model.udp.AsyncClient $anonfun$sendMessage$1
INFO: ID#1 Async try: + 0
Dec 14, 2018 11:03:30 PM com.concordia.blockchain.model.udp.AsyncClient sendMessage
INFO: ID#1 received acknowledgement
Dec 14, 2018 11:03:31 PM com.concordia.blockchain.model.udp.AsyncClient $anonfun$sendMessage$1
INFO: ID#1 INFO PUBLIC_KEY to ip-172-31-40-204.us-west-2.compute.internal:12345
Dec 14, 2018 11:03:31 PM com.concordia.blockchain.model.udp.AsyncClient $anonfun$sendMessage$1
INFO: ID#1 Async try: + 0
Dec 14, 2018 11:03:31 PM com.concordia.blockchain.model.udp.AsyncClient sendMessage
INFO: ID#1 received acknowledgement
Dec 14, 2018 11:03:32 PM com.concordia.blockchain.model.udp.SyncClient$ $anonfun$sendMessage$1
INFO: ID#2 REQUEST MINERS to ip-172-31-47-31.us-west-2.compute.internal#CORE_LEADER:12345
Dec 14, 2018 11:03:32 PM com.concordia.blockchain.model.udp.SyncClient$ $anonfun$sendMessage$1
INFO: ID#2 Sync try: 0
Dec 14, 2018 11:03:33 PM com.concordia.blockchain.model.udp.SyncClient$ sendMessage
INFO: ID#2 Received response
Dec 14, 2018 11:03:33 PM com.concordia.blockchain.model.udp.SyncClient$ sendMessage
INFO: ID#2 Waiting for response
Dec 14, 2018 11:03:34 PM com.concordia.blockchain.model.udp.SyncClient$ $anonfun$sendMessage$1
INFO: ID#2 REQUEST MINERS to ip-172-31-40-118.us-west-2.compute.internal#CORE_LEADER:12345
Dec 14, 2018 11:03:34 PM com.concordia.blockchain.model.udp.SyncClient$ $anonfun$sendMessage$1
INFO: ID#2 Sync try: 0
Dec 14, 2018 11:03:34 PM com.concordia.blockchain.model.udp.SyncClient$ sendMessage
INFO: ID#2 Received response
Dec 14, 2018 11:03:34 PM com.concordia.blockchain.model.udp.SyncClient$ sendMessage
INFO: ID#2 Waiting for response
Dec 14, 2018 11:03:35 PM com.concordia.blockchain.model.udp.SyncClient$ $anonfun$sendMessage$1
INFO: ID#2 REQUEST MINERS to ip-172-31-40-118.us-west-2.compute.internal#CORE_LEADER:12347
Dec 14, 2018 11:03:35 PM com.concordia.blockchain.model.udp.SyncClient$ $anonfun$sendMessage$1
INFO: ID#2 Sync try: 0
Dec 14, 2018 11:03:35 PM com.concordia.blockchain.model.udp.SyncClient$ sendMessage
INFO: ID#2 Received response
Dec 14, 2018 11:03:35 PM com.concordia.blockchain.model.udp.SyncClient$ sendMessage
INFO: ID#2 Waiting for response
Dec 14, 2018 11:03:36 PM com.concordia.blockchain.model.udp.SyncClient$ $anonfun$sendMessage$1
INFO: ID#2 REQUEST MINERS to ip-172-31-40-204.us-west-2.compute.internal#CORE_LEADER:12345
Dec 14, 2018 11:03:36 PM com.concordia.blockchain.model.udp.SyncClient$ $anonfun$sendMessage$1
INFO: ID#2 Sync try: 0
Dec 14, 2018 11:03:36 PM com.concordia.blockchain.model.udp.SyncClient$ sendMessage
INFO: ID#2 Received response
Dec 14, 2018 11:03:36 PM com.concordia.blockchain.model.udp.SyncClient$ sendMessage
INFO: ID#2 Waiting for response
Dec 14, 2018 11:03:37 PM com.concordia.blockchain.model.udp.SyncClient$ $anonfun$sendMessage$1
INFO: ID#2 REQUEST MINERS to ip-172-31-43-39.us-west-2.compute.internal#CORE_LEADER:12345
Dec 14, 2018 11:03:37 PM com.concordia.blockchain.model.udp.SyncClient$ $anonfun$sendMessage$1
INFO: ID#2 Sync try: 0
Dec 14, 2018 11:03:38 PM com.concordia.blockchain.model.udp.SyncClient$ sendMessage
INFO: ID#2 Received response
Dec 14, 2018 11:03:38 PM com.concordia.blockchain.model.udp.SyncClient$ sendMessage
INFO: ID#2 Waiting for response
Dec 14, 2018 11:03:39 PM com.concordia.blockchain.model.udp.SyncClient$ $anonfun$sendMessage$1
INFO: ID#2 REQUEST MINERS to ip-172-31-40-168.us-west-2.compute.internal#CORE_LEADER:12345
Dec 14, 2018 11:03:39 PM com.concordia.blockchain.model.udp.SyncClient$ $anonfun$sendMessage$1
INFO: ID#2 Sync try: 0
Dec 14, 2018 11:03:39 PM com.concordia.blockchain.model.udp.SyncClient$ sendMessage
INFO: ID#2 Received response
Dec 14, 2018 11:03:39 PM com.concordia.blockchain.model.udp.SyncClient$ sendMessage
INFO: ID#2 Waiting for response
Dec 14, 2018 11:03:40 PM com.concordia.blockchain.model.udp.SyncClient$ $anonfun$sendMessage$1
INFO: ID#2 REQUEST MINERS to ip-172-31-39-51.us-west-2.compute.internal#CORE_LEADER:12345
Dec 14, 2018 11:03:40 PM com.concordia.blockchain.model.udp.SyncClient$ $anonfun$sendMessage$1
INFO: ID#2 Sync try: 0
Dec 14, 2018 11:03:40 PM com.concordia.blockchain.model.udp.SyncClient$ sendMessage
INFO: ID#2 Received response
Dec 14, 2018 11:03:40 PM com.concordia.blockchain.model.udp.SyncClient$ sendMessage
INFO: ID#2 Waiting for response
Dec 14, 2018 11:03:41 PM com.concordia.blockchain.model.udp.SyncClient$ $anonfun$sendMessage$1
INFO: ID#2 REQUEST MINERS to ip-172-31-40-103.us-west-2.compute.internal#CORE_LEADER:12345
Dec 14, 2018 11:03:41 PM com.concordia.blockchain.model.udp.SyncClient$ $anonfun$sendMessage$1
INFO: ID#2 Sync try: 0
Dec 14, 2018 11:03:41 PM com.concordia.blockchain.model.udp.SyncClient$ sendMessage
INFO: ID#2 Received response
Dec 14, 2018 11:03:41 PM com.concordia.blockchain.model.udp.SyncClient$ sendMessage
INFO: ID#2 Waiting for response
Dec 14, 2018 11:03:42 PM com.concordia.blockchain.model.udp.SyncClient$ $anonfun$sendMessage$1
INFO: ID#2 REQUEST MINERS to ip-172-31-32-221.us-west-2.compute.internal#CORE_LEADER:12345
Dec 14, 2018 11:03:42 PM com.concordia.blockchain.model.udp.SyncClient$ $anonfun$sendMessage$1
INFO: ID#2 Sync try: 0
Dec 14, 2018 11:03:42 PM com.concordia.blockchain.model.udp.SyncClient$ sendMessage
INFO: ID#2 Received response
Dec 14, 2018 11:03:43 PM com.concordia.blockchain.model.node.ManagerLeader run
INFO: #END_TIMESTAMP 1544828623
Dec 14, 2018 11:03:44 PM com.concordia.blockchain.model.udp.AsyncClient $anonfun$sendMessage$1
INFO: ID#3 INFO PUBLIC_KEYS to ip-172-31-41-30.us-west-2.compute.internal:12345
Dec 14, 2018 11:03:44 PM com.concordia.blockchain.model.udp.AsyncClient $anonfun$sendMessage$1
INFO: ID#3 Async try: + 0
Dec 14, 2018 11:03:44 PM com.concordia.blockchain.model.udp.AsyncClient sendMessage
INFO: ID#3 received acknowledgement
Dec 14, 2018 11:03:45 PM com.concordia.blockchain.model.udp.AsyncClient $anonfun$sendMessage$1
INFO: ID#3 INFO PUBLIC_KEYS to ip-172-31-40-103.us-west-2.compute.internal:12345
Dec 14, 2018 11:03:45 PM com.concordia.blockchain.model.udp.AsyncClient $anonfun$sendMessage$1
INFO: ID#3 Async try: + 0
Dec 14, 2018 11:03:45 PM com.concordia.blockchain.model.udp.AsyncClient sendMessage
INFO: ID#3 received acknowledgement
Dec 14, 2018 11:03:46 PM com.concordia.blockchain.model.udp.AsyncClient $anonfun$sendMessage$1
INFO: ID#3 INFO PUBLIC_KEYS to ip-172-31-39-51.us-west-2.compute.internal:12345
Dec 14, 2018 11:03:46 PM com.concordia.blockchain.model.udp.AsyncClient $anonfun$sendMessage$1
INFO: ID#3 Async try: + 0
Dec 14, 2018 11:03:46 PM com.concordia.blockchain.model.udp.AsyncClient sendMessage
INFO: ID#3 received acknowledgement
Dec 14, 2018 11:03:47 PM com.concordia.blockchain.model.udp.AsyncClient $anonfun$sendMessage$1
INFO: ID#3 INFO PUBLIC_KEYS to ip-172-31-43-39.us-west-2.compute.internal:12345
Dec 14, 2018 11:03:47 PM com.concordia.blockchain.model.udp.AsyncClient $anonfun$sendMessage$1
INFO: ID#3 Async try: + 0
Dec 14, 2018 11:03:47 PM com.concordia.blockchain.model.udp.AsyncClient sendMessage
INFO: ID#3 received acknowledgement
Dec 14, 2018 11:03:48 PM com.concordia.blockchain.model.udp.AsyncClient $anonfun$sendMessage$1
INFO: ID#3 INFO PUBLIC_KEYS to ip-172-31-40-168.us-west-2.compute.internal:12345
Dec 14, 2018 11:03:48 PM com.concordia.blockchain.model.udp.AsyncClient $anonfun$sendMessage$1
INFO: ID#3 Async try: + 0
Dec 14, 2018 11:03:49 PM com.concordia.blockchain.model.udp.AsyncClient sendMessage
INFO: ID#3 received acknowledgement
Dec 14, 2018 11:03:50 PM com.concordia.blockchain.model.udp.AsyncClient $anonfun$sendMessage$1
INFO: ID#3 INFO PUBLIC_KEYS to ip-172-31-40-204.us-west-2.compute.internal:12345
Dec 14, 2018 11:03:50 PM com.concordia.blockchain.model.udp.AsyncClient $anonfun$sendMessage$1
INFO: ID#3 Async try: + 0
Dec 14, 2018 11:03:50 PM com.concordia.blockchain.model.udp.AsyncClient sendMessage
INFO: ID#3 received acknowledgement
Dec 14, 2018 11:03:51 PM com.concordia.blockchain.model.udp.AsyncClient $anonfun$sendMessage$1
INFO: ID#3 INFO PUBLIC_KEYS to ip-172-31-40-118.us-west-2.compute.internal:12347
Dec 14, 2018 11:03:51 PM com.concordia.blockchain.model.udp.AsyncClient $anonfun$sendMessage$1
INFO: ID#3 Async try: + 0
Dec 14, 2018 11:03:51 PM com.concordia.blockchain.model.udp.AsyncClient sendMessage
INFO: ID#3 received acknowledgement
Dec 14, 2018 11:03:52 PM com.concordia.blockchain.model.udp.AsyncClient $anonfun$sendMessage$1
INFO: ID#3 INFO PUBLIC_KEYS to ip-172-31-40-118.us-west-2.compute.internal:12345
Dec 14, 2018 11:03:52 PM com.concordia.blockchain.model.udp.AsyncClient $anonfun$sendMessage$1
INFO: ID#3 Async try: + 0
Dec 14, 2018 11:03:52 PM com.concordia.blockchain.model.udp.AsyncClient sendMessage
INFO: ID#3 received acknowledgement
Dec 14, 2018 11:03:53 PM com.concordia.blockchain.model.udp.AsyncClient $anonfun$sendMessage$1
INFO: ID#3 INFO PUBLIC_KEYS to ip-172-31-47-31.us-west-2.compute.internal:12345
Dec 14, 2018 11:03:53 PM com.concordia.blockchain.model.udp.AsyncClient $anonfun$sendMessage$1
INFO: ID#3 Async try: + 0
Dec 14, 2018 11:03:53 PM com.concordia.blockchain.model.udp.AsyncClient sendMessage
INFO: ID#3 received acknowledgement
Dec 14, 2018 11:03:55 PM com.concordia.blockchain.model.udp.AsyncClient $anonfun$sendMessage$1
INFO: ID#3 INFO PUBLIC_KEYS to ip-172-31-32-221.us-west-2.compute.internal:12345
Dec 14, 2018 11:03:55 PM com.concordia.blockchain.model.udp.AsyncClient $anonfun$sendMessage$1
INFO: ID#3 Async try: + 0
Dec 14, 2018 11:03:55 PM com.concordia.blockchain.model.udp.AsyncClient sendMessage
INFO: ID#3 received acknowledgement
