Dec 14, 2018 10:58:12 PM com.concordia.blockchain.model.udp.Server run
INFO: Starting UDP server on port 12345
Dec 14, 2018 10:58:12 PM com.concordia.blockchain.model.udp.Server startServer
INFO: Server waiting for a packet
Fri Dec 14 22:58:12 UTC 2018 WARN: Establishing SSL connection without server's identity verification is not recommended. According to MySQL 5.5.45+, 5.6.26+ and 5.7.6+ requirements SSL connection must be established by default if explicit option isn't set. For compliance with existing applications not using SSL the verifyServerCertificate property is set to 'false'. You need either to explicitly disable SSL by setting useSSL=false, or set useSSL=true and provide truststore for server certificate verification.
Dec 14, 2018 10:58:12 PM com.concordia.blockchain.model.database.MySql openConnection
INFO: Opened connection to database
Dec 14, 2018 10:58:12 PM com.concordia.blockchain.model.node.Manager <init>
INFO: #START_TIMESTAMP 1544828292
Dec 14, 2018 10:58:12 PM com.concordia.blockchain.model.udp.Server run
INFO: Starting UDP server on port 12347
Fri Dec 14 22:58:12 UTC 2018 WARN: Establishing SSL connection without server's identity verification is not recommended. According to MySQL 5.5.45+, 5.6.26+ and 5.7.6+ requirements SSL connection must be established by default if explicit option isn't set. For compliance with existing applications not using SSL the verifyServerCertificate property is set to 'false'. You need either to explicitly disable SSL by setting useSSL=false, or set useSSL=true and provide truststore for server certificate verification.
Dec 14, 2018 10:58:12 PM com.concordia.blockchain.model.udp.Server startServer
INFO: Server waiting for a packet
Dec 14, 2018 10:58:12 PM com.concordia.blockchain.model.database.MySql openConnection
INFO: Opened connection to database
Dec 14, 2018 10:58:12 PM com.concordia.blockchain.model.node.WorkerLeader <init>
INFO: #START_TIMESTAMP 1544828292
Dec 14, 2018 10:58:17 PM com.concordia.blockchain.model.udp.Server startServer
INFO: Server has received a packet from host: ip-172-31-17-224.us-west-2.compute.internal port: 53358
Dec 14, 2018 10:58:17 PM com.concordia.blockchain.model.udp.Server startServer
INFO: Server waiting for a packet
Dec 14, 2018 10:58:17 PM com.concordia.blockchain.model.udp.RequestHandler acknowledgeMessage
INFO: Acknowledging ID#1 to ip-172-31-17-224.us-west-2.compute.internal#CORE_LEADER:53358
Dec 14, 2018 10:58:17 PM com.concordia.blockchain.model.udp.AsyncClient sendMessage
INFO: ID#1 ACK PUBLIC_KEY to ip-172-31-17-224.us-west-2.compute.internal:53358
Dec 14, 2018 10:58:17 PM com.concordia.blockchain.model.udp.RequestHandler processMessage
INFO: Verified signature for host: ip-172-31-17-224.us-west-2.compute.internal
Dec 14, 2018 10:58:17 PM com.concordia.blockchain.model.udp.RequestHandler processMessage
INFO: ID#1 Received INFO PUBLIC_KEY from ip-172-31-17-224.us-west-2.compute.internal#CORE_LEADER:53358
Dec 14, 2018 10:58:18 PM com.concordia.blockchain.model.udp.Server startServer
INFO: Server has received a packet from host: ip-172-31-17-224.us-west-2.compute.internal port: 54080
Dec 14, 2018 10:58:18 PM com.concordia.blockchain.model.udp.Server startServer
INFO: Server waiting for a packet
Dec 14, 2018 10:58:18 PM com.concordia.blockchain.model.udp.RequestHandler acknowledgeMessage
INFO: Acknowledging ID#1 to ip-172-31-17-224.us-west-2.compute.internal#CORE_LEADER:54080
Dec 14, 2018 10:58:18 PM com.concordia.blockchain.model.udp.AsyncClient sendMessage
INFO: ID#1 ACK PUBLIC_KEY to ip-172-31-17-224.us-west-2.compute.internal:54080
Dec 14, 2018 10:58:18 PM com.concordia.blockchain.model.udp.RequestHandler processMessage
INFO: Verified signature for host: ip-172-31-17-224.us-west-2.compute.internal
Dec 14, 2018 10:58:18 PM com.concordia.blockchain.model.udp.RequestHandler processMessage
INFO: ID#1 Received INFO PUBLIC_KEY from ip-172-31-17-224.us-west-2.compute.internal#CORE_LEADER:54080
Dec 14, 2018 10:58:27 PM com.concordia.blockchain.model.udp.Server startServer
INFO: Server has received a packet from host: ip-172-31-17-224.us-west-2.compute.internal port: 41294
Dec 14, 2018 10:58:27 PM com.concordia.blockchain.model.udp.Server startServer
INFO: Server waiting for a packet
Dec 14, 2018 10:58:27 PM com.concordia.blockchain.model.udp.RequestHandler verifySignature
INFO: Verifying signature for host: ip-172-31-17-224.us-west-2.compute.internal#CORE_LEADER
Dec 14, 2018 10:58:27 PM com.concordia.blockchain.model.udp.RequestHandler processMessage
INFO: Verified signature for host: ip-172-31-17-224.us-west-2.compute.internal
Dec 14, 2018 10:58:27 PM com.concordia.blockchain.model.udp.RequestHandler processMessage
INFO: ID#2 Received REQUEST MINERS from ip-172-31-17-224.us-west-2.compute.internal#CORE_LEADER:41294
Dec 14, 2018 10:58:27 PM com.concordia.blockchain.model.udp.AsyncClient sendMessage
INFO: ID#2 RESPONSE MINERS to ip-172-31-17-224.us-west-2.compute.internal:41294
Dec 14, 2018 10:58:28 PM com.concordia.blockchain.model.udp.Server startServer
INFO: Server has received a packet from host: ip-172-31-17-224.us-west-2.compute.internal port: 60104
Dec 14, 2018 10:58:28 PM com.concordia.blockchain.model.udp.Server startServer
INFO: Server waiting for a packet
Dec 14, 2018 10:58:28 PM com.concordia.blockchain.model.udp.RequestHandler verifySignature
INFO: Verifying signature for host: ip-172-31-17-224.us-west-2.compute.internal#CORE_LEADER
Dec 14, 2018 10:58:28 PM com.concordia.blockchain.model.udp.RequestHandler processMessage
INFO: Verified signature for host: ip-172-31-17-224.us-west-2.compute.internal
Dec 14, 2018 10:58:28 PM com.concordia.blockchain.model.udp.RequestHandler processMessage
INFO: ID#2 Received REQUEST MINERS from ip-172-31-17-224.us-west-2.compute.internal#CORE_LEADER:60104
Dec 14, 2018 10:58:28 PM com.concordia.blockchain.model.node.WorkerLeader sendResponse
INFO: Sending response for tag: MINERS
Dec 14, 2018 10:58:28 PM com.concordia.blockchain.model.node.WorkerLeader sendResponse
INFO: Sent response for tag: MINERS
Dec 14, 2018 10:58:28 PM com.concordia.blockchain.model.udp.AsyncClient sendMessage
INFO: ID#2 RESPONSE MINERS to ip-172-31-17-224.us-west-2.compute.internal:60104
Dec 14, 2018 10:58:44 PM com.concordia.blockchain.model.udp.Server startServer
INFO: Server has received a packet from host: ip-172-31-17-224.us-west-2.compute.internal port: 38553
Dec 14, 2018 10:58:44 PM com.concordia.blockchain.model.udp.Server startServer
INFO: Server waiting for a packet
Dec 14, 2018 10:58:44 PM com.concordia.blockchain.model.udp.RequestHandler acknowledgeMessage
INFO: Acknowledging ID#3 to ip-172-31-17-224.us-west-2.compute.internal#CORE_LEADER:38553
Dec 14, 2018 10:58:44 PM com.concordia.blockchain.model.udp.RequestHandler verifySignature
INFO: Verifying signature for host: ip-172-31-17-224.us-west-2.compute.internal#CORE_LEADER
Dec 14, 2018 10:58:44 PM com.concordia.blockchain.model.udp.AsyncClient sendMessage
INFO: ID#3 ACK PUBLIC_KEYS to ip-172-31-17-224.us-west-2.compute.internal:38553
Dec 14, 2018 10:58:44 PM com.concordia.blockchain.model.udp.RequestHandler processMessage
INFO: Verified signature for host: ip-172-31-17-224.us-west-2.compute.internal
Dec 14, 2018 10:58:44 PM com.concordia.blockchain.model.udp.RequestHandler processMessage
INFO: ID#3 Received INFO PUBLIC_KEYS from ip-172-31-17-224.us-west-2.compute.internal#CORE_LEADER:38553
Dec 14, 2018 10:58:45 PM com.concordia.blockchain.model.node.Manager run
INFO: #END_TIMESTAMP 1544828325
Dec 14, 2018 10:58:46 PM com.concordia.blockchain.model.udp.Server startServer
INFO: Server has received a packet from host: ip-172-31-17-224.us-west-2.compute.internal port: 51079
Dec 14, 2018 10:58:46 PM com.concordia.blockchain.model.udp.Server startServer
INFO: Server waiting for a packet
Dec 14, 2018 10:58:46 PM com.concordia.blockchain.model.udp.RequestHandler acknowledgeMessage
INFO: Acknowledging ID#3 to ip-172-31-17-224.us-west-2.compute.internal#CORE_LEADER:51079
Dec 14, 2018 10:58:46 PM com.concordia.blockchain.model.udp.RequestHandler verifySignature
INFO: Verifying signature for host: ip-172-31-17-224.us-west-2.compute.internal#CORE_LEADER
Dec 14, 2018 10:58:46 PM com.concordia.blockchain.model.udp.AsyncClient sendMessage
INFO: ID#3 ACK PUBLIC_KEYS to ip-172-31-17-224.us-west-2.compute.internal:51079
Dec 14, 2018 10:58:46 PM com.concordia.blockchain.model.udp.RequestHandler processMessage
INFO: Verified signature for host: ip-172-31-17-224.us-west-2.compute.internal
Dec 14, 2018 10:58:46 PM com.concordia.blockchain.model.udp.RequestHandler processMessage
INFO: ID#3 Received INFO PUBLIC_KEYS from ip-172-31-17-224.us-west-2.compute.internal#CORE_LEADER:51079
